d:\1 - school\year 3.2\gpp\assignment 2\assassinvalkyrie\debug\vc140.pdb
d:\1 - school\year 3.2\gpp\assignment 2\assassinvalkyrie\debug\vc140.idb
d:\1 - school\year 3.2\gpp\assignment 2\assassinvalkyrie\debug\audio.obj
d:\1 - school\year 3.2\gpp\assignment 2\assassinvalkyrie\debug\cursor.obj
d:\1 - school\year 3.2\gpp\assignment 2\assassinvalkyrie\debug\dashboard.obj
d:\1 - school\year 3.2\gpp\assignment 2\assassinvalkyrie\debug\enemy.obj
d:\1 - school\year 3.2\gpp\assignment 2\assassinvalkyrie\debug\entity.obj
d:\1 - school\year 3.2\gpp\assignment 2\assassinvalkyrie\debug\game.obj
d:\1 - school\year 3.2\gpp\assignment 2\assassinvalkyrie\debug\graphics.obj
d:\1 - school\year 3.2\gpp\assignment 2\assassinvalkyrie\debug\image.obj
d:\1 - school\year 3.2\gpp\assignment 2\assassinvalkyrie\debug\input.obj
d:\1 - school\year 3.2\gpp\assignment 2\assassinvalkyrie\debug\assassinvalkyrie.obj
d:\1 - school\year 3.2\gpp\assignment 2\assassinvalkyrie\debug\mainmenu.obj
d:\1 - school\year 3.2\gpp\assignment 2\assassinvalkyrie\debug\textdx.obj
d:\1 - school\year 3.2\gpp\assignment 2\assassinvalkyrie\debug\texturemanager.obj
d:\1 - school\year 3.2\gpp\assignment 2\assassinvalkyrie\debug\winmain.obj
d:\1 - school\year 3.2\gpp\assignment 2\assassinvalkyrie\debug\assassinvalkyrie.ilk
d:\1 - school\year 3.2\gpp\assignment 2\assassinvalkyrie\debug\assassinvalkyrie.exe
d:\1 - school\year 3.2\gpp\assignment 2\assassinvalkyrie\debug\assassinvalkyrie.pdb
d:\1 - school\year 3.2\gpp\assignment 2\assassinvalkyrie\debug\assassinvalkyrie.tlog\cl.command.1.tlog
d:\1 - school\year 3.2\gpp\assignment 2\assassinvalkyrie\debug\assassinvalkyrie.tlog\cl.read.1.tlog
d:\1 - school\year 3.2\gpp\assignment 2\assassinvalkyrie\debug\assassinvalkyrie.tlog\cl.write.1.tlog
d:\1 - school\year 3.2\gpp\assignment 2\assassinvalkyrie\debug\assassinvalkyrie.tlog\link.command.1.tlog
d:\1 - school\year 3.2\gpp\assignment 2\assassinvalkyrie\debug\assassinvalkyrie.tlog\link.read.1.tlog
d:\1 - school\year 3.2\gpp\assignment 2\assassinvalkyrie\debug\assassinvalkyrie.tlog\link.write.1.tlog
