d:\1 - school\year 3.2\gpp\assignment 1\letitrain-master\ass test\debug\vc140.pdb
d:\1 - school\year 3.2\gpp\assignment 1\letitrain-master\ass test\debug\vc140.idb
d:\1 - school\year 3.2\gpp\assignment 1\letitrain-master\ass test\debug\huntership.obj
d:\1 - school\year 3.2\gpp\assignment 1\letitrain-master\ass test\debug\image.obj
d:\1 - school\year 3.2\gpp\assignment 1\letitrain-master\ass test\debug\input.obj
d:\1 - school\year 3.2\gpp\assignment 1\letitrain-master\ass test\debug\laser.obj
d:\1 - school\year 3.2\gpp\assignment 1\letitrain-master\ass test\debug\lasermanager.obj
d:\1 - school\year 3.2\gpp\assignment 1\letitrain-master\ass test\debug\lasership.obj
d:\1 - school\year 3.2\gpp\assignment 1\letitrain-master\ass test\debug\mainmenu.obj
d:\1 - school\year 3.2\gpp\assignment 1\letitrain-master\ass test\debug\map.obj
d:\1 - school\year 3.2\gpp\assignment 1\letitrain-master\ass test\debug\missile.obj
d:\1 - school\year 3.2\gpp\assignment 1\letitrain-master\ass test\debug\planet.obj
d:\1 - school\year 3.2\gpp\assignment 1\letitrain-master\ass test\debug\powerup.obj
d:\1 - school\year 3.2\gpp\assignment 1\letitrain-master\ass test\debug\powerupmanager.obj
d:\1 - school\year 3.2\gpp\assignment 1\letitrain-master\ass test\debug\ship.obj
d:\1 - school\year 3.2\gpp\assignment 1\letitrain-master\ass test\debug\letitrain.obj
d:\1 - school\year 3.2\gpp\assignment 1\letitrain-master\ass test\debug\spawner.obj
d:\1 - school\year 3.2\gpp\assignment 1\letitrain-master\ass test\debug\spawnposition.obj
d:\1 - school\year 3.2\gpp\assignment 1\letitrain-master\ass test\debug\textdx.obj
d:\1 - school\year 3.2\gpp\assignment 1\letitrain-master\ass test\debug\texturemanager.obj
d:\1 - school\year 3.2\gpp\assignment 1\letitrain-master\ass test\debug\textmanager.obj
d:\1 - school\year 3.2\gpp\assignment 1\letitrain-master\ass test\debug\winmain.obj
d:\1 - school\year 3.2\gpp\assignment 1\letitrain-master\ass test\debug\audio.obj
d:\1 - school\year 3.2\gpp\assignment 1\letitrain-master\ass test\debug\bullet.obj
d:\1 - school\year 3.2\gpp\assignment 1\letitrain-master\ass test\debug\bulletmanager.obj
d:\1 - school\year 3.2\gpp\assignment 1\letitrain-master\ass test\debug\bulletship.obj
d:\1 - school\year 3.2\gpp\assignment 1\letitrain-master\ass test\debug\carriership.obj
d:\1 - school\year 3.2\gpp\assignment 1\letitrain-master\ass test\debug\dashboard.obj
d:\1 - school\year 3.2\gpp\assignment 1\letitrain-master\ass test\debug\enemybullet.obj
d:\1 - school\year 3.2\gpp\assignment 1\letitrain-master\ass test\debug\enemybulletmanager.obj
d:\1 - school\year 3.2\gpp\assignment 1\letitrain-master\ass test\debug\enemymanager.obj
d:\1 - school\year 3.2\gpp\assignment 1\letitrain-master\ass test\debug\enemyship.obj
d:\1 - school\year 3.2\gpp\assignment 1\letitrain-master\ass test\debug\entity.obj
d:\1 - school\year 3.2\gpp\assignment 1\letitrain-master\ass test\debug\game.obj
d:\1 - school\year 3.2\gpp\assignment 1\letitrain-master\ass test\debug\graphics.obj
d:\1 - school\year 3.2\gpp\assignment 1\letitrain-master\ass test\debug\gruntship.obj
d:\1 - school\year 3.2\gpp\assignment 2\ass test\debug\vc140.pdb
d:\1 - school\year 3.2\gpp\assignment 2\ass test\debug\vc140.idb
d:\1 - school\year 3.2\gpp\assignment 2\ass test\debug\audio.obj
d:\1 - school\year 3.2\gpp\assignment 2\ass test\debug\dashboard.obj
d:\1 - school\year 3.2\gpp\assignment 2\ass test\debug\entity.obj
d:\1 - school\year 3.2\gpp\assignment 2\ass test\debug\game.obj
d:\1 - school\year 3.2\gpp\assignment 2\ass test\debug\graphics.obj
d:\1 - school\year 3.2\gpp\assignment 2\ass test\debug\image.obj
d:\1 - school\year 3.2\gpp\assignment 2\ass test\debug\input.obj
d:\1 - school\year 3.2\gpp\assignment 2\ass test\debug\textdx.obj
d:\1 - school\year 3.2\gpp\assignment 2\ass test\debug\texturemanager.obj
d:\1 - school\year 3.2\gpp\assignment 2\ass test\debug\winmain.obj
d:\1 - school\year 3.2\gpp\assignment 2\ass test\debug\mainmenu.obj
d:\1 - school\year 3.2\gpp\assignment 2\ass test\debug\letitrain.obj
d:\1 - school\year 3.2\gpp\assignment 1\letitrain-master\ass test\debug\letitrain.ilk
d:\1 - school\year 3.2\gpp\assignment 1\letitrain-master\ass test\debug\letitrain.exe
d:\1 - school\year 3.2\gpp\assignment 1\letitrain-master\ass test\debug\letitrain.pdb
d:\1 - school\year 3.2\gpp\assignment 2\ass test\debug\letitrain.ilk
d:\1 - school\year 3.2\gpp\assignment 2\ass test\debug\letitrain.exe
d:\1 - school\year 3.2\gpp\assignment 2\ass test\debug\letitrain.pdb
d:\1 - school\year 3.2\gpp\assignment 2\ass test\debug\bullet.obj
d:\1 - school\year 3.2\gpp\assignment 2\ass test\debug\bulletmanager.obj
d:\1 - school\year 3.2\gpp\assignment 2\ass test\debug\bulletship.obj
d:\1 - school\year 3.2\gpp\assignment 2\ass test\debug\carriership.obj
d:\1 - school\year 3.2\gpp\assignment 2\ass test\debug\enemybullet.obj
d:\1 - school\year 3.2\gpp\assignment 2\ass test\debug\enemybulletmanager.obj
d:\1 - school\year 3.2\gpp\assignment 2\ass test\debug\enemymanager.obj
d:\1 - school\year 3.2\gpp\assignment 2\ass test\debug\enemyship.obj
d:\1 - school\year 3.2\gpp\assignment 2\ass test\debug\gruntship.obj
d:\1 - school\year 3.2\gpp\assignment 2\ass test\debug\huntership.obj
d:\1 - school\year 3.2\gpp\assignment 2\ass test\debug\laser.obj
d:\1 - school\year 3.2\gpp\assignment 2\ass test\debug\lasermanager.obj
d:\1 - school\year 3.2\gpp\assignment 2\ass test\debug\lasership.obj
d:\1 - school\year 3.2\gpp\assignment 2\ass test\debug\map.obj
d:\1 - school\year 3.2\gpp\assignment 2\ass test\debug\missile.obj
d:\1 - school\year 3.2\gpp\assignment 2\ass test\debug\planet.obj
d:\1 - school\year 3.2\gpp\assignment 2\ass test\debug\powerup.obj
d:\1 - school\year 3.2\gpp\assignment 2\ass test\debug\powerupmanager.obj
d:\1 - school\year 3.2\gpp\assignment 2\ass test\debug\ship.obj
d:\1 - school\year 3.2\gpp\assignment 2\ass test\debug\spacewar.obj
d:\1 - school\year 3.2\gpp\assignment 2\ass test\debug\spawner.obj
d:\1 - school\year 3.2\gpp\assignment 2\ass test\debug\spawnposition.obj
d:\1 - school\year 3.2\gpp\assignment 2\ass test\debug\textmanager.obj
d:\1 - school\year 3.2\gpp\assignment 2\ass test\debug\threecsdx.obj
d:\1 - school\year 3.2\gpp\assignment 2\ass test\debug\letitrain.tlog\cl.command.1.tlog
d:\1 - school\year 3.2\gpp\assignment 2\ass test\debug\letitrain.tlog\cl.read.1.tlog
d:\1 - school\year 3.2\gpp\assignment 2\ass test\debug\letitrain.tlog\cl.write.1.tlog
d:\1 - school\year 3.2\gpp\assignment 2\ass test\debug\letitrain.tlog\link.command.1.tlog
d:\1 - school\year 3.2\gpp\assignment 2\ass test\debug\letitrain.tlog\link.read.1.tlog
d:\1 - school\year 3.2\gpp\assignment 2\ass test\debug\letitrain.tlog\link.write.1.tlog
