C:\Program Files (x86)\MSBuild\Microsoft.Cpp\v4.0\V140\Microsoft.CppBuild.targets(392,5): warning MSB8028: The intermediate directory (Debug\) contains files shared from another project (AssTest.vcxproj, LetItRain.vcxproj, PlanetCollision.vcxproj).  This can lead to incorrect clean and rebuild behavior.
  winmain.cpp
  mainMenu.cpp
  assassinValkyrie.cpp
  Generating Code...
  Compiling...
  textureManager.cpp
  textDX.cpp
  input.cpp
  image.cpp
  graphics.cpp
  game.cpp
  entity.cpp
d:\1 - school\year 3.2\gpp\assignment 2\ass2\entity.cpp(202): warning C4244: '=': conversion from 'float' to 'LONG', possible loss of data
d:\1 - school\year 3.2\gpp\assignment 2\ass2\entity.cpp(203): warning C4244: '=': conversion from 'float' to 'LONG', possible loss of data
d:\1 - school\year 3.2\gpp\assignment 2\ass2\entity.cpp(207): warning C4244: '=': conversion from 'float' to 'LONG', possible loss of data
d:\1 - school\year 3.2\gpp\assignment 2\ass2\entity.cpp(208): warning C4244: '=': conversion from 'float' to 'LONG', possible loss of data
d:\1 - school\year 3.2\gpp\assignment 2\ass2\entity.cpp(259): warning C4244: 'initializing': conversion from 'float' to 'int', possible loss of data
d:\1 - school\year 3.2\gpp\assignment 2\ass2\entity.cpp(260): warning C4244: 'initializing': conversion from 'float' to 'int', possible loss of data
d:\1 - school\year 3.2\gpp\assignment 2\ass2\entity.cpp(262): warning C4244: 'initializing': conversion from 'float' to 'int', possible loss of data
d:\1 - school\year 3.2\gpp\assignment 2\ass2\entity.cpp(263): warning C4244: 'initializing': conversion from 'float' to 'int', possible loss of data
  dashboard.cpp
  audio.cpp
  Generating Code...
audio.obj : warning LNK4075: ignoring '/EDITANDCONTINUE' due to '/SAFESEH' specification
  PlanetCollision.vcxproj -> D:\1 - School\Year 3.2\GPP\Assignment 2\ASS2\Debug\AssassinValkyrie.exe
  PlanetCollision.vcxproj -> D:\1 - School\Year 3.2\GPP\Assignment 2\ASS2\Debug\AssassinValkyrie.pdb (Full PDB)
